<?xml version="1.0" encoding="UTF-8"?>
<!-- Generated by org.testng.reporters.JUnitReportReporter -->
<testsuite skipped="0" hostname="mominul-10662" name="tests.ThreeTest" tests="1" failures="0" timestamp="2020-09-26T16:04:41 BDT" time="9.794" errors="0">
  <testcase name="testElement" time="9.794" classname="tests.ThreeTest"/>
  <system-out/>
</testsuite> <!-- tests.ThreeTest -->
