<?xml version="1.0" encoding="UTF-8"?>
<!-- Generated by org.testng.reporters.JUnitReportReporter -->
<testsuite skipped="0" hostname="mominul-10662" name="tests.OneTest" tests="1" failures="0" timestamp="2020-09-29T15:23:35 BDT" time="14.353" errors="0">
  <testcase name="testOneDemo" time="14.353" classname="tests.OneTest"/>
  <system-out/>
</testsuite> <!-- tests.OneTest -->
