<?xml version="1.0" encoding="UTF-8"?>
<!-- Generated by org.testng.reporters.JUnitReportReporter -->
<testsuite hostname="mominul-10662" failures="0" tests="1" name="tests.OneTest" time="12.823" errors="0" timestamp="2020-09-29T17:23:42 BDT" skipped="0">
  <testcase classname="tests.OneTest" name="testOneDemo" time="12.823"/>
  <system-out/>
</testsuite> <!-- tests.OneTest -->
